<?xml version="1.0" encoding="UTF-8"?><testsuite errors="2" failures="0" name="As user I want to see existing room So that i can booking room" skipped="0" tests="2" time="85.6" timestamp="2022-07-18 03:23:10"><testcase name="As user i see detail room"><error message="Expected condition failed: waiting for visibility of element located by By.xpath: //android.view.View[@content-desc=&quot;Search&quot;] (tried for 15 second(s) with 500 milliseconds interval)" type="org.openqa.selenium.TimeoutException">Expected condition failed: waiting for visibility of element located by By.xpath: //android.view.View[@content-desc="Search"] (tried for 15 second(s) with 500 milliseconds interval)</error><system-err>Expected condition failed: waiting for visibility of element located by By.xpath: //android.view.View[@content-desc="Search"] (tried for 15 second(s) with 500 milliseconds interval)&#13;
test.mobile.pageobject.BasePageObject.waitUntilVisible(BasePageObject.java:40)&#13;
test.mobile.pages.BuildingPage.onTheHomePage(BuildingPage.java:52)&#13;
test.mobile.stepdefenitions.BuildingSteps.onTheHomePage(BuildingSteps.java:19)&#13;
io.cucumber.java.Invoker.doInvoke(Invoker.java:66)&#13;
io.cucumber.java.Invoker.invoke(Invoker.java:24)&#13;
io.cucumber.java.AbstractGlueDefinition.invokeMethod(AbstractGlueDefinition.java:47)&#13;
io.cucumber.java.JavaStepDefinition.execute(JavaStepDefinition.java:29)&#13;
io.cucumber.core.runner.CoreStepDefinition.execute(CoreStepDefinition.java:66)&#13;
io.cucumber.core.runner.PickleStepDefinitionMatch.runStep(PickleStepDefinitionMatch.java:63)&#13;
io.cucumber.core.runner.TestStep.executeStep(TestStep.java:92)&#13;
io.cucumber.core.runner.TestStep.run(TestStep.java:64)&#13;
io.cucumber.core.runner.PickleStepTestStep.run(PickleStepTestStep.java:51)&#13;
io.cucumber.core.runner.TestCase.run(TestCase.java:104)&#13;
io.cucumber.core.runner.Runner.runPickle(Runner.java:73)&#13;
io.cucumber.junit.FeatureRunner.runChild(FeatureRunner.java:135)&#13;
io.cucumber.junit.FeatureRunner.runChild(FeatureRunner.java:27)&#13;
io.cucumber.junit.CucumberSerenityRunner.runChild(CucumberSerenityRunner.java:258)&#13;
io.cucumber.junit.CucumberSerenityRunner.runChild(CucumberSerenityRunner.java:57)&#13;
</system-err></testcase><testcase name="As user i success booking room"><error message="Expected condition failed: waiting for element to be clickable: By.xpath: (//android.widget.Button)[2] (tried for 15 second(s) with 500 milliseconds interval)" type="org.openqa.selenium.TimeoutException">Expected condition failed: waiting for element to be clickable: By.xpath: (//android.widget.Button)[2] (tried for 15 second(s) with 500 milliseconds interval)</error><system-err>Expected condition failed: waiting for element to be clickable: By.xpath: (//android.widget.Button)[2] (tried for 15 second(s) with 500 milliseconds interval)&#13;
test.mobile.pageobject.BasePageObject.waitUntilClickable(BasePageObject.java:32)&#13;
test.mobile.pageobject.BasePageObject.onClick(BasePageObject.java:44)&#13;
test.mobile.pages.RoomPage.clickBookingButton(RoomPage.java:59)&#13;
test.mobile.stepdefenitions.RoomSteps.userClickBookingRoom(RoomSteps.java:35)&#13;
io.cucumber.java.Invoker.doInvoke(Invoker.java:66)&#13;
io.cucumber.java.Invoker.invoke(Invoker.java:24)&#13;
io.cucumber.java.AbstractGlueDefinition.invokeMethod(AbstractGlueDefinition.java:47)&#13;
io.cucumber.java.JavaStepDefinition.execute(JavaStepDefinition.java:29)&#13;
io.cucumber.core.runner.CoreStepDefinition.execute(CoreStepDefinition.java:66)&#13;
io.cucumber.core.runner.PickleStepDefinitionMatch.runStep(PickleStepDefinitionMatch.java:63)&#13;
io.cucumber.core.runner.TestStep.executeStep(TestStep.java:92)&#13;
io.cucumber.core.runner.TestStep.run(TestStep.java:64)&#13;
io.cucumber.core.runner.PickleStepTestStep.run(PickleStepTestStep.java:51)&#13;
io.cucumber.core.runner.TestCase.run(TestCase.java:104)&#13;
io.cucumber.core.runner.Runner.runPickle(Runner.java:73)&#13;
io.cucumber.junit.FeatureRunner.runChild(FeatureRunner.java:135)&#13;
io.cucumber.junit.FeatureRunner.runChild(FeatureRunner.java:27)&#13;
io.cucumber.junit.CucumberSerenityRunner.runChild(CucumberSerenityRunner.java:258)&#13;
io.cucumber.junit.CucumberSerenityRunner.runChild(CucumberSerenityRunner.java:57)&#13;
</system-err></testcase></testsuite>